<?xml version="1.0" encoding="UTF-8"?>
<testsuite name="runner.Runner" tests="0" skipped="0" failures="0" errors="0" timestamp="1970-01-01T00:00:00" hostname="LAPTOP-3EEPG83H" time="0.0">
  <properties/>
  <system-out><![CDATA[]]></system-out>
  <system-err><![CDATA[????????????????????????????????????????????????????????????????????????????
? View your Cucumber Report at:                                            ?
? https://reports.cucumber.io/reports/5733bfd1-09cb-4ea3-8c36-09e63466e142 ?
?                                                                          ?
? This report was published in collection "MartoSelenium"                  ?
????????????????????????????????????????????????????????????????????????????]]></system-err>
</testsuite>
