<?xml version="1.0" encoding="UTF-8"?>
<testsuite name="Test Mercado Libre search functionality" tests="1" skipped="0" failures="0" errors="0" timestamp="2022-05-26T21:19:11" hostname="LAPTOP-3EEPG83H" time="6.104">
  <properties/>
  <testcase name="As a user I enter a search criteria in Mercado Libre" classname="Test Mercado Libre search functionality" time="6.104"/>
  <system-out><![CDATA[]]></system-out>
  <system-err><![CDATA[Starting ChromeDriver 101.0.4951.41 (93c720db8323b3ec10d056025ab95c23a31997c9-refs/branch-heads/4951@{#904}) on port 38162
Only local connections are allowed.
Please see https://chromedriver.chromium.org/security-considerations for suggestions on keeping ChromeDriver safe.
ChromeDriver was started successfully.
May 26, 2022 6:19:13 PM org.openqa.selenium.remote.ProtocolHandshake createSession
INFO: Detected dialect: W3C
]]></system-err>
</testsuite>
